2023-06-12 12:15:51,925 [Worker-6: Loading available Gradle versions] INFO  o.e.b.c.i.u.g.PublishedGradleVersions - Gradle version information cache is up-to-date. Trying to read.
2023-06-12 12:19:30,975 [Worker-27: Building] INFO  o.e.m.c.i.l.LifecycleMappingFactory - Using org.eclipse.m2e.jdt.JarLifecycleMapping lifecycle mapping for MavenProject: hn.uht.torres:aplicacion-simple-maven-consola:0.0.1-SNAPSHOT @ /Users/moisestorres/Git/aplicacion-simple-maven-consola/pom.xml.
2023-06-12 12:19:31,140 [Worker-27: Building] INFO  o.e.m.c.i.embedder.EclipseLogger - Using 'UTF-8' encoding to copy filtered resources.
2023-06-12 12:19:31,140 [Worker-27: Building] INFO  o.e.m.c.i.embedder.EclipseLogger - skip non existing resourceDirectory /Users/moisestorres/Git/aplicacion-simple-maven-consola/src/main/resources
2023-06-12 12:19:31,147 [Worker-27: Building] INFO  o.e.m.c.i.embedder.EclipseLogger - Using 'UTF-8' encoding to copy filtered resources.
2023-06-12 12:19:31,147 [Worker-27: Building] INFO  o.e.m.c.i.embedder.EclipseLogger - skip non existing resourceDirectory /Users/moisestorres/Git/aplicacion-simple-maven-consola/src/test/resources
2023-06-12 12:19:40,223 [Worker-8: Loading available Gradle versions] INFO  o.e.b.c.i.u.g.PublishedGradleVersions - Gradle version information cache is up-to-date. Trying to read.
2023-06-12 12:23:14,646 [Worker-2: Building] INFO  o.e.m.c.i.embedder.EclipseLogger - Using 'UTF-8' encoding to copy filtered resources.
2023-06-12 12:23:14,646 [Worker-2: Building] INFO  o.e.m.c.i.embedder.EclipseLogger - skip non existing resourceDirectory /Users/moisestorres/Git/aplicacion-simple-maven-consola/src/main/resources
2023-06-12 12:23:14,647 [Worker-2: Building] INFO  o.e.m.c.i.embedder.EclipseLogger - Using 'UTF-8' encoding to copy filtered resources.
2023-06-12 12:23:14,647 [Worker-2: Building] INFO  o.e.m.c.i.embedder.EclipseLogger - skip non existing resourceDirectory /Users/moisestorres/Git/aplicacion-simple-maven-consola/src/test/resources
2023-06-12 12:24:21,721 [Worker-28: Building] INFO  o.e.m.c.i.embedder.EclipseLogger - Using 'UTF-8' encoding to copy filtered resources.
2023-06-12 12:24:21,721 [Worker-28: Building] INFO  o.e.m.c.i.embedder.EclipseLogger - skip non existing resourceDirectory /Users/moisestorres/Git/aplicacion-simple-maven-consola/src/main/resources
2023-06-12 12:24:21,722 [Worker-28: Building] INFO  o.e.m.c.i.embedder.EclipseLogger - Using 'UTF-8' encoding to copy filtered resources.
2023-06-12 12:24:21,722 [Worker-28: Building] INFO  o.e.m.c.i.embedder.EclipseLogger - skip non existing resourceDirectory /Users/moisestorres/Git/aplicacion-simple-maven-consola/src/test/resources
2023-06-12 12:25:38,811 [Worker-31: Launching AppTest] INFO  o.e.m.c.i.embedder.EclipseLogger - Using 'UTF-8' encoding to copy filtered resources.
2023-06-12 12:25:38,812 [Worker-31: Launching AppTest] INFO  o.e.m.c.i.embedder.EclipseLogger - skip non existing resourceDirectory /Users/moisestorres/Git/aplicacion-simple-maven-consola/src/main/resources
2023-06-12 12:25:38,814 [Worker-31: Launching AppTest] INFO  o.e.m.c.i.embedder.EclipseLogger - Using 'UTF-8' encoding to copy filtered resources.
2023-06-12 12:25:38,814 [Worker-31: Launching AppTest] INFO  o.e.m.c.i.embedder.EclipseLogger - skip non existing resourceDirectory /Users/moisestorres/Git/aplicacion-simple-maven-consola/src/test/resources
2023-06-12 12:42:01,111 [Worker-33: Building] INFO  o.e.m.c.i.embedder.EclipseLogger - Using 'UTF-8' encoding to copy filtered resources.
2023-06-12 12:42:01,111 [Worker-33: Building] INFO  o.e.m.c.i.embedder.EclipseLogger - skip non existing resourceDirectory /Users/moisestorres/Git/aplicacion-simple-maven-consola/src/main/resources
2023-06-12 12:42:01,112 [Worker-33: Building] INFO  o.e.m.c.i.embedder.EclipseLogger - Using 'UTF-8' encoding to copy filtered resources.
2023-06-12 12:42:01,112 [Worker-33: Building] INFO  o.e.m.c.i.embedder.EclipseLogger - skip non existing resourceDirectory /Users/moisestorres/Git/aplicacion-simple-maven-consola/src/test/resources
2023-06-12 12:49:14,342 [Worker-35: Building] INFO  o.e.m.c.i.embedder.EclipseLogger - Using 'UTF-8' encoding to copy filtered resources.
2023-06-12 12:49:14,342 [Worker-35: Building] INFO  o.e.m.c.i.embedder.EclipseLogger - skip non existing resourceDirectory /Users/moisestorres/Git/aplicacion-simple-maven-consola/src/main/resources
2023-06-12 12:49:14,343 [Worker-35: Building] INFO  o.e.m.c.i.embedder.EclipseLogger - Using 'UTF-8' encoding to copy filtered resources.
2023-06-12 12:49:14,343 [Worker-35: Building] INFO  o.e.m.c.i.embedder.EclipseLogger - skip non existing resourceDirectory /Users/moisestorres/Git/aplicacion-simple-maven-consola/src/test/resources
2023-06-12 12:49:31,404 [Worker-36: Building] INFO  o.e.m.c.i.embedder.EclipseLogger - Using 'UTF-8' encoding to copy filtered resources.
2023-06-12 12:49:31,404 [Worker-36: Building] INFO  o.e.m.c.i.embedder.EclipseLogger - skip non existing resourceDirectory /Users/moisestorres/Git/aplicacion-simple-maven-consola/src/main/resources
2023-06-12 12:49:31,405 [Worker-36: Building] INFO  o.e.m.c.i.embedder.EclipseLogger - Using 'UTF-8' encoding to copy filtered resources.
2023-06-12 12:49:31,405 [Worker-36: Building] INFO  o.e.m.c.i.embedder.EclipseLogger - skip non existing resourceDirectory /Users/moisestorres/Git/aplicacion-simple-maven-consola/src/test/resources
2023-06-12 12:51:15,171 [Worker-36: Building] INFO  o.e.m.c.i.embedder.EclipseLogger - Using 'UTF-8' encoding to copy filtered resources.
2023-06-12 12:51:15,171 [Worker-36: Building] INFO  o.e.m.c.i.embedder.EclipseLogger - skip non existing resourceDirectory /Users/moisestorres/Git/aplicacion-simple-maven-consola/src/main/resources
2023-06-12 12:51:15,173 [Worker-36: Building] INFO  o.e.m.c.i.embedder.EclipseLogger - Using 'UTF-8' encoding to copy filtered resources.
2023-06-12 12:51:15,173 [Worker-36: Building] INFO  o.e.m.c.i.embedder.EclipseLogger - skip non existing resourceDirectory /Users/moisestorres/Git/aplicacion-simple-maven-consola/src/test/resources
2023-06-12 12:51:44,780 [Worker-36: Building] INFO  o.e.m.c.i.embedder.EclipseLogger - Using 'UTF-8' encoding to copy filtered resources.
2023-06-12 12:51:44,780 [Worker-36: Building] INFO  o.e.m.c.i.embedder.EclipseLogger - skip non existing resourceDirectory /Users/moisestorres/Git/aplicacion-simple-maven-consola/src/main/resources
2023-06-12 12:51:44,781 [Worker-36: Building] INFO  o.e.m.c.i.embedder.EclipseLogger - Using 'UTF-8' encoding to copy filtered resources.
2023-06-12 12:51:44,781 [Worker-36: Building] INFO  o.e.m.c.i.embedder.EclipseLogger - skip non existing resourceDirectory /Users/moisestorres/Git/aplicacion-simple-maven-consola/src/test/resources
2023-06-12 12:52:12,276 [Worker-37: Building] INFO  o.e.m.c.i.embedder.EclipseLogger - Using 'UTF-8' encoding to copy filtered resources.
2023-06-12 12:52:12,276 [Worker-37: Building] INFO  o.e.m.c.i.embedder.EclipseLogger - skip non existing resourceDirectory /Users/moisestorres/Git/aplicacion-simple-maven-consola/src/main/resources
2023-06-12 12:52:12,277 [Worker-37: Building] INFO  o.e.m.c.i.embedder.EclipseLogger - Using 'UTF-8' encoding to copy filtered resources.
2023-06-12 12:52:12,277 [Worker-37: Building] INFO  o.e.m.c.i.embedder.EclipseLogger - skip non existing resourceDirectory /Users/moisestorres/Git/aplicacion-simple-maven-consola/src/test/resources
2023-06-12 12:53:09,837 [Worker-36: Building] INFO  o.e.m.c.i.embedder.EclipseLogger - Using 'UTF-8' encoding to copy filtered resources.
2023-06-12 12:53:09,837 [Worker-36: Building] INFO  o.e.m.c.i.embedder.EclipseLogger - skip non existing resourceDirectory /Users/moisestorres/Git/aplicacion-simple-maven-consola/src/main/resources
2023-06-12 12:53:09,838 [Worker-36: Building] INFO  o.e.m.c.i.embedder.EclipseLogger - Using 'UTF-8' encoding to copy filtered resources.
2023-06-12 12:53:09,838 [Worker-36: Building] INFO  o.e.m.c.i.embedder.EclipseLogger - skip non existing resourceDirectory /Users/moisestorres/Git/aplicacion-simple-maven-consola/src/test/resources
2023-06-12 12:55:26,371 [Worker-35: Building] INFO  o.e.m.c.i.embedder.EclipseLogger - Using 'UTF-8' encoding to copy filtered resources.
2023-06-12 12:55:26,371 [Worker-35: Building] INFO  o.e.m.c.i.embedder.EclipseLogger - skip non existing resourceDirectory /Users/moisestorres/Git/aplicacion-simple-maven-consola/src/main/resources
2023-06-12 12:55:26,372 [Worker-35: Building] INFO  o.e.m.c.i.embedder.EclipseLogger - Using 'UTF-8' encoding to copy filtered resources.
2023-06-12 12:55:26,372 [Worker-35: Building] INFO  o.e.m.c.i.embedder.EclipseLogger - skip non existing resourceDirectory /Users/moisestorres/Git/aplicacion-simple-maven-consola/src/test/resources
2023-06-12 12:56:12,604 [Worker-35: Building] INFO  o.e.m.c.i.embedder.EclipseLogger - Using 'UTF-8' encoding to copy filtered resources.
2023-06-12 12:56:12,605 [Worker-35: Building] INFO  o.e.m.c.i.embedder.EclipseLogger - skip non existing resourceDirectory /Users/moisestorres/Git/aplicacion-simple-maven-consola/src/main/resources
2023-06-12 12:56:12,605 [Worker-35: Building] INFO  o.e.m.c.i.embedder.EclipseLogger - Using 'UTF-8' encoding to copy filtered resources.
2023-06-12 12:56:12,605 [Worker-35: Building] INFO  o.e.m.c.i.embedder.EclipseLogger - skip non existing resourceDirectory /Users/moisestorres/Git/aplicacion-simple-maven-consola/src/test/resources
2023-06-12 12:56:13,956 [Worker-38: Building] INFO  o.e.m.c.i.embedder.EclipseLogger - Using 'UTF-8' encoding to copy filtered resources.
2023-06-12 12:56:13,956 [Worker-38: Building] INFO  o.e.m.c.i.embedder.EclipseLogger - skip non existing resourceDirectory /Users/moisestorres/Git/aplicacion-simple-maven-consola/src/main/resources
2023-06-12 12:56:13,957 [Worker-38: Building] INFO  o.e.m.c.i.embedder.EclipseLogger - Using 'UTF-8' encoding to copy filtered resources.
2023-06-12 12:56:13,957 [Worker-38: Building] INFO  o.e.m.c.i.embedder.EclipseLogger - skip non existing resourceDirectory /Users/moisestorres/Git/aplicacion-simple-maven-consola/src/test/resources
2023-06-12 12:57:01,973 [Worker-37: Building] INFO  o.e.m.c.i.embedder.EclipseLogger - Using 'UTF-8' encoding to copy filtered resources.
2023-06-12 12:57:01,974 [Worker-37: Building] INFO  o.e.m.c.i.embedder.EclipseLogger - skip non existing resourceDirectory /Users/moisestorres/Git/aplicacion-simple-maven-consola/src/main/resources
2023-06-12 12:57:01,975 [Worker-37: Building] INFO  o.e.m.c.i.embedder.EclipseLogger - Using 'UTF-8' encoding to copy filtered resources.
2023-06-12 12:57:01,975 [Worker-37: Building] INFO  o.e.m.c.i.embedder.EclipseLogger - skip non existing resourceDirectory /Users/moisestorres/Git/aplicacion-simple-maven-consola/src/test/resources
2023-06-12 12:57:23,231 [Worker-37: Building] INFO  o.e.m.c.i.embedder.EclipseLogger - Using 'UTF-8' encoding to copy filtered resources.
2023-06-12 12:57:23,231 [Worker-37: Building] INFO  o.e.m.c.i.embedder.EclipseLogger - skip non existing resourceDirectory /Users/moisestorres/Git/aplicacion-simple-maven-consola/src/main/resources
2023-06-12 12:57:23,232 [Worker-37: Building] INFO  o.e.m.c.i.embedder.EclipseLogger - Using 'UTF-8' encoding to copy filtered resources.
2023-06-12 12:57:23,233 [Worker-37: Building] INFO  o.e.m.c.i.embedder.EclipseLogger - skip non existing resourceDirectory /Users/moisestorres/Git/aplicacion-simple-maven-consola/src/test/resources
2023-06-12 12:57:41,546 [Worker-37: Building] INFO  o.e.m.c.i.embedder.EclipseLogger - Using 'UTF-8' encoding to copy filtered resources.
2023-06-12 12:57:41,546 [Worker-37: Building] INFO  o.e.m.c.i.embedder.EclipseLogger - skip non existing resourceDirectory /Users/moisestorres/Git/aplicacion-simple-maven-consola/src/main/resources
2023-06-12 12:57:41,547 [Worker-37: Building] INFO  o.e.m.c.i.embedder.EclipseLogger - Using 'UTF-8' encoding to copy filtered resources.
2023-06-12 12:57:41,547 [Worker-37: Building] INFO  o.e.m.c.i.embedder.EclipseLogger - skip non existing resourceDirectory /Users/moisestorres/Git/aplicacion-simple-maven-consola/src/test/resources
2023-06-12 12:58:00,217 [Worker-35: Building] INFO  o.e.m.c.i.embedder.EclipseLogger - Using 'UTF-8' encoding to copy filtered resources.
2023-06-12 12:58:00,217 [Worker-35: Building] INFO  o.e.m.c.i.embedder.EclipseLogger - skip non existing resourceDirectory /Users/moisestorres/Git/aplicacion-simple-maven-consola/src/main/resources
2023-06-12 12:58:00,218 [Worker-35: Building] INFO  o.e.m.c.i.embedder.EclipseLogger - Using 'UTF-8' encoding to copy filtered resources.
2023-06-12 12:58:00,218 [Worker-35: Building] INFO  o.e.m.c.i.embedder.EclipseLogger - skip non existing resourceDirectory /Users/moisestorres/Git/aplicacion-simple-maven-consola/src/test/resources
2023-06-12 12:58:40,202 [Worker-39: Launching Executing install in _Users_moisestorres_Git_aplicacion-simple-maven-consola] INFO  o.eclipse.m2e.core.internal.Bundles - getClasspathEntries(Bundle=org.eclipse.m2e.maven.runtime_3.8.701.20230209-1606 [268])
2023-06-12 12:58:40,204 [Worker-39: Launching Executing install in _Users_moisestorres_Git_aplicacion-simple-maven-consola] INFO  o.eclipse.m2e.core.internal.Bundles - 	Entry: /Users/moisestorres/.p2/pool/plugins/org.eclipse.m2e.maven.runtime_3.8.701.20230209-1606
2023-06-12 12:58:40,204 [Worker-39: Launching Executing install in _Users_moisestorres_Git_aplicacion-simple-maven-consola] INFO  o.eclipse.m2e.core.internal.Bundles - 	Entry: /Users/moisestorres/.p2/pool/plugins/org.eclipse.m2e.maven.runtime_3.8.701.20230209-1606/jars/aether-connector-okhttp-0.17.8.jar
2023-06-12 12:58:40,204 [Worker-39: Launching Executing install in _Users_moisestorres_Git_aplicacion-simple-maven-consola] INFO  o.eclipse.m2e.core.internal.Bundles - 	Entry: /Users/moisestorres/.p2/pool/plugins/org.eclipse.m2e.maven.runtime_3.8.701.20230209-1606/jars/commons-lang3-3.8.1.jar
2023-06-12 12:58:40,205 [Worker-39: Launching Executing install in _Users_moisestorres_Git_aplicacion-simple-maven-consola] INFO  o.eclipse.m2e.core.internal.Bundles - 	Entry: /Users/moisestorres/.p2/pool/plugins/org.eclipse.m2e.maven.runtime_3.8.701.20230209-1606/jars/guice-4.2.2-no_aop.jar
2023-06-12 12:58:40,205 [Worker-39: Launching Executing install in _Users_moisestorres_Git_aplicacion-simple-maven-consola] INFO  o.eclipse.m2e.core.internal.Bundles - 	Entry: /Users/moisestorres/.p2/pool/plugins/org.eclipse.m2e.maven.runtime_3.8.701.20230209-1606/jars/jansi-2.4.0.jar
2023-06-12 12:58:40,205 [Worker-39: Launching Executing install in _Users_moisestorres_Git_aplicacion-simple-maven-consola] INFO  o.eclipse.m2e.core.internal.Bundles - 	Entry: /Users/moisestorres/.p2/pool/plugins/org.eclipse.m2e.maven.runtime_3.8.701.20230209-1606/jars/maven-artifact-3.8.7.jar
2023-06-12 12:58:40,205 [Worker-39: Launching Executing install in _Users_moisestorres_Git_aplicacion-simple-maven-consola] INFO  o.eclipse.m2e.core.internal.Bundles - 	Entry: /Users/moisestorres/.p2/pool/plugins/org.eclipse.m2e.maven.runtime_3.8.701.20230209-1606/jars/maven-builder-support-3.8.7.jar
2023-06-12 12:58:40,205 [Worker-39: Launching Executing install in _Users_moisestorres_Git_aplicacion-simple-maven-consola] INFO  o.eclipse.m2e.core.internal.Bundles - 	Entry: /Users/moisestorres/.p2/pool/plugins/org.eclipse.m2e.maven.runtime_3.8.701.20230209-1606/jars/maven-compat-3.8.7.jar
2023-06-12 12:58:40,205 [Worker-39: Launching Executing install in _Users_moisestorres_Git_aplicacion-simple-maven-consola] INFO  o.eclipse.m2e.core.internal.Bundles - 	Entry: /Users/moisestorres/.p2/pool/plugins/org.eclipse.m2e.maven.runtime_3.8.701.20230209-1606/jars/maven-core-3.8.7.jar
2023-06-12 12:58:40,205 [Worker-39: Launching Executing install in _Users_moisestorres_Git_aplicacion-simple-maven-consola] INFO  o.eclipse.m2e.core.internal.Bundles - 	Entry: /Users/moisestorres/.p2/pool/plugins/org.eclipse.m2e.maven.runtime_3.8.701.20230209-1606/jars/maven-embedder-3.8.7.jar
2023-06-12 12:58:40,205 [Worker-39: Launching Executing install in _Users_moisestorres_Git_aplicacion-simple-maven-consola] INFO  o.eclipse.m2e.core.internal.Bundles - 	Entry: /Users/moisestorres/.p2/pool/plugins/org.eclipse.m2e.maven.runtime_3.8.701.20230209-1606/jars/maven-model-3.8.7.jar
2023-06-12 12:58:40,205 [Worker-39: Launching Executing install in _Users_moisestorres_Git_aplicacion-simple-maven-consola] INFO  o.eclipse.m2e.core.internal.Bundles - 	Entry: /Users/moisestorres/.p2/pool/plugins/org.eclipse.m2e.maven.runtime_3.8.701.20230209-1606/jars/maven-model-builder-3.8.7.jar
2023-06-12 12:58:40,205 [Worker-39: Launching Executing install in _Users_moisestorres_Git_aplicacion-simple-maven-consola] INFO  o.eclipse.m2e.core.internal.Bundles - 	Entry: /Users/moisestorres/.p2/pool/plugins/org.eclipse.m2e.maven.runtime_3.8.701.20230209-1606/jars/maven-plugin-api-3.8.7.jar
2023-06-12 12:58:40,205 [Worker-39: Launching Executing install in _Users_moisestorres_Git_aplicacion-simple-maven-consola] INFO  o.eclipse.m2e.core.internal.Bundles - 	Entry: /Users/moisestorres/.p2/pool/plugins/org.eclipse.m2e.maven.runtime_3.8.701.20230209-1606/jars/maven-repository-metadata-3.8.7.jar
2023-06-12 12:58:40,205 [Worker-39: Launching Executing install in _Users_moisestorres_Git_aplicacion-simple-maven-consola] INFO  o.eclipse.m2e.core.internal.Bundles - 	Entry: /Users/moisestorres/.p2/pool/plugins/org.eclipse.m2e.maven.runtime_3.8.701.20230209-1606/jars/maven-resolver-api-1.6.3.jar
2023-06-12 12:58:40,205 [Worker-39: Launching Executing install in _Users_moisestorres_Git_aplicacion-simple-maven-consola] INFO  o.eclipse.m2e.core.internal.Bundles - 	Entry: /Users/moisestorres/.p2/pool/plugins/org.eclipse.m2e.maven.runtime_3.8.701.20230209-1606/jars/maven-resolver-connector-basic-1.6.3.jar
2023-06-12 12:58:40,205 [Worker-39: Launching Executing install in _Users_moisestorres_Git_aplicacion-simple-maven-consola] INFO  o.eclipse.m2e.core.internal.Bundles - 	Entry: /Users/moisestorres/.p2/pool/plugins/org.eclipse.m2e.maven.runtime_3.8.701.20230209-1606/jars/maven-resolver-impl-1.6.3.jar
2023-06-12 12:58:40,205 [Worker-39: Launching Executing install in _Users_moisestorres_Git_aplicacion-simple-maven-consola] INFO  o.eclipse.m2e.core.internal.Bundles - 	Entry: /Users/moisestorres/.p2/pool/plugins/org.eclipse.m2e.maven.runtime_3.8.701.20230209-1606/jars/maven-resolver-provider-3.8.7.jar
2023-06-12 12:58:40,205 [Worker-39: Launching Executing install in _Users_moisestorres_Git_aplicacion-simple-maven-consola] INFO  o.eclipse.m2e.core.internal.Bundles - 	Entry: /Users/moisestorres/.p2/pool/plugins/org.eclipse.m2e.maven.runtime_3.8.701.20230209-1606/jars/maven-resolver-spi-1.6.3.jar
2023-06-12 12:58:40,205 [Worker-39: Launching Executing install in _Users_moisestorres_Git_aplicacion-simple-maven-consola] INFO  o.eclipse.m2e.core.internal.Bundles - 	Entry: /Users/moisestorres/.p2/pool/plugins/org.eclipse.m2e.maven.runtime_3.8.701.20230209-1606/jars/maven-resolver-transport-wagon-1.6.3.jar
2023-06-12 12:58:40,205 [Worker-39: Launching Executing install in _Users_moisestorres_Git_aplicacion-simple-maven-consola] INFO  o.eclipse.m2e.core.internal.Bundles - 	Entry: /Users/moisestorres/.p2/pool/plugins/org.eclipse.m2e.maven.runtime_3.8.701.20230209-1606/jars/maven-resolver-util-1.6.3.jar
2023-06-12 12:58:40,205 [Worker-39: Launching Executing install in _Users_moisestorres_Git_aplicacion-simple-maven-consola] INFO  o.eclipse.m2e.core.internal.Bundles - 	Entry: /Users/moisestorres/.p2/pool/plugins/org.eclipse.m2e.maven.runtime_3.8.701.20230209-1606/jars/maven-settings-3.8.7.jar
2023-06-12 12:58:40,205 [Worker-39: Launching Executing install in _Users_moisestorres_Git_aplicacion-simple-maven-consola] INFO  o.eclipse.m2e.core.internal.Bundles - 	Entry: /Users/moisestorres/.p2/pool/plugins/org.eclipse.m2e.maven.runtime_3.8.701.20230209-1606/jars/maven-settings-builder-3.8.7.jar
2023-06-12 12:58:40,205 [Worker-39: Launching Executing install in _Users_moisestorres_Git_aplicacion-simple-maven-consola] INFO  o.eclipse.m2e.core.internal.Bundles - 	Entry: /Users/moisestorres/.p2/pool/plugins/org.eclipse.m2e.maven.runtime_3.8.701.20230209-1606/jars/maven-shared-utils-3.3.4.jar
2023-06-12 12:58:40,205 [Worker-39: Launching Executing install in _Users_moisestorres_Git_aplicacion-simple-maven-consola] INFO  o.eclipse.m2e.core.internal.Bundles - 	Entry: /Users/moisestorres/.p2/pool/plugins/org.eclipse.m2e.maven.runtime_3.8.701.20230209-1606/jars/okhttp-3.14.1.jar
2023-06-12 12:58:40,205 [Worker-39: Launching Executing install in _Users_moisestorres_Git_aplicacion-simple-maven-consola] INFO  o.eclipse.m2e.core.internal.Bundles - 	Entry: /Users/moisestorres/.p2/pool/plugins/org.eclipse.m2e.maven.runtime_3.8.701.20230209-1606/jars/okio-1.17.3.jar
2023-06-12 12:58:40,205 [Worker-39: Launching Executing install in _Users_moisestorres_Git_aplicacion-simple-maven-consola] INFO  o.eclipse.m2e.core.internal.Bundles - 	Entry: /Users/moisestorres/.p2/pool/plugins/org.eclipse.m2e.maven.runtime_3.8.701.20230209-1606/jars/org.eclipse.sisu.inject-0.3.5.jar
2023-06-12 12:58:40,205 [Worker-39: Launching Executing install in _Users_moisestorres_Git_aplicacion-simple-maven-consola] INFO  o.eclipse.m2e.core.internal.Bundles - 	Entry: /Users/moisestorres/.p2/pool/plugins/org.eclipse.m2e.maven.runtime_3.8.701.20230209-1606/jars/org.eclipse.sisu.plexus-0.3.5.jar
2023-06-12 12:58:40,205 [Worker-39: Launching Executing install in _Users_moisestorres_Git_aplicacion-simple-maven-consola] INFO  o.eclipse.m2e.core.internal.Bundles - 	Entry: /Users/moisestorres/.p2/pool/plugins/org.eclipse.m2e.maven.runtime_3.8.701.20230209-1606/jars/plexus-build-api-0.0.7.jar
2023-06-12 12:58:40,205 [Worker-39: Launching Executing install in _Users_moisestorres_Git_aplicacion-simple-maven-consola] INFO  o.eclipse.m2e.core.internal.Bundles - 	Entry: /Users/moisestorres/.p2/pool/plugins/org.eclipse.m2e.maven.runtime_3.8.701.20230209-1606/jars/plexus-cipher-2.0.jar
2023-06-12 12:58:40,205 [Worker-39: Launching Executing install in _Users_moisestorres_Git_aplicacion-simple-maven-consola] INFO  o.eclipse.m2e.core.internal.Bundles - 	Entry: /Users/moisestorres/.p2/pool/plugins/org.eclipse.m2e.maven.runtime_3.8.701.20230209-1606/jars/plexus-classworlds-2.6.0.jar
2023-06-12 12:58:40,206 [Worker-39: Launching Executing install in _Users_moisestorres_Git_aplicacion-simple-maven-consola] INFO  o.eclipse.m2e.core.internal.Bundles - 	Entry: /Users/moisestorres/.p2/pool/plugins/org.eclipse.m2e.maven.runtime_3.8.701.20230209-1606/jars/plexus-component-annotations-2.1.0.jar
2023-06-12 12:58:40,206 [Worker-39: Launching Executing install in _Users_moisestorres_Git_aplicacion-simple-maven-consola] INFO  o.eclipse.m2e.core.internal.Bundles - 	Entry: /Users/moisestorres/.p2/pool/plugins/org.eclipse.m2e.maven.runtime_3.8.701.20230209-1606/jars/plexus-interpolation-1.26.jar
2023-06-12 12:58:40,206 [Worker-39: Launching Executing install in _Users_moisestorres_Git_aplicacion-simple-maven-consola] INFO  o.eclipse.m2e.core.internal.Bundles - 	Entry: /Users/moisestorres/.p2/pool/plugins/org.eclipse.m2e.maven.runtime_3.8.701.20230209-1606/jars/plexus-sec-dispatcher-2.0.jar
2023-06-12 12:58:40,206 [Worker-39: Launching Executing install in _Users_moisestorres_Git_aplicacion-simple-maven-consola] INFO  o.eclipse.m2e.core.internal.Bundles - 	Entry: /Users/moisestorres/.p2/pool/plugins/org.eclipse.m2e.maven.runtime_3.8.701.20230209-1606/jars/plexus-utils-3.3.1.jar
2023-06-12 12:58:40,206 [Worker-39: Launching Executing install in _Users_moisestorres_Git_aplicacion-simple-maven-consola] INFO  o.eclipse.m2e.core.internal.Bundles - 	Entry: /Users/moisestorres/.p2/pool/plugins/org.eclipse.m2e.maven.runtime_3.8.701.20230209-1606/jars/wagon-file-3.5.3.jar
2023-06-12 12:58:40,206 [Worker-39: Launching Executing install in _Users_moisestorres_Git_aplicacion-simple-maven-consola] INFO  o.eclipse.m2e.core.internal.Bundles - 	Entry: /Users/moisestorres/.p2/pool/plugins/org.eclipse.m2e.maven.runtime_3.8.701.20230209-1606/jars/wagon-provider-api-3.5.3.jar
2023-06-12 12:58:40,206 [Worker-39: Launching Executing install in _Users_moisestorres_Git_aplicacion-simple-maven-consola] INFO  o.eclipse.m2e.core.internal.Bundles - getClasspathEntries(Bundle=com.google.guava_31.1.0.jre [9])
2023-06-12 12:58:40,207 [Worker-39: Launching Executing install in _Users_moisestorres_Git_aplicacion-simple-maven-consola] INFO  o.eclipse.m2e.core.internal.Bundles - 	Entry: /Users/moisestorres/.p2/pool/plugins/com.google.guava_31.1.0.jre.jar
2023-06-12 12:58:40,207 [Worker-39: Launching Executing install in _Users_moisestorres_Git_aplicacion-simple-maven-consola] INFO  o.eclipse.m2e.core.internal.Bundles - getClasspathEntries(Bundle=slf4j.api_1.7.36 [435])
2023-06-12 12:58:40,208 [Worker-39: Launching Executing install in _Users_moisestorres_Git_aplicacion-simple-maven-consola] INFO  o.eclipse.m2e.core.internal.Bundles - 	Entry: /Users/moisestorres/.p2/pool/plugins/slf4j.api_1.7.36.jar
2023-06-12 12:58:40,208 [Worker-39: Launching Executing install in _Users_moisestorres_Git_aplicacion-simple-maven-consola] INFO  o.eclipse.m2e.core.internal.Bundles - getClasspathEntries(Bundle=javax.inject_1.0.0.v20220405-0441 [21])
2023-06-12 12:58:40,208 [Worker-39: Launching Executing install in _Users_moisestorres_Git_aplicacion-simple-maven-consola] INFO  o.eclipse.m2e.core.internal.Bundles - 	Entry: /Users/moisestorres/.p2/pool/plugins/javax.inject_1.0.0.v20220405-0441.jar
2023-06-12 12:58:40,208 [Worker-39: Launching Executing install in _Users_moisestorres_Git_aplicacion-simple-maven-consola] INFO  o.eclipse.m2e.core.internal.Bundles - getClasspathEntries(Bundle=javax.annotation_1.3.5.v20221203-1659 [19])
2023-06-12 12:58:40,209 [Worker-39: Launching Executing install in _Users_moisestorres_Git_aplicacion-simple-maven-consola] INFO  o.eclipse.m2e.core.internal.Bundles - 	Entry: /Users/moisestorres/.p2/pool/plugins/javax.annotation_1.3.5.v20221203-1659.jar
2023-06-12 12:58:40,209 [Worker-39: Launching Executing install in _Users_moisestorres_Git_aplicacion-simple-maven-consola] INFO  o.eclipse.m2e.core.internal.Bundles - getClasspathEntries(Bundle=org.apache.commons.cli_1.4.0.v20221112-0806 [41])
2023-06-12 12:58:40,210 [Worker-39: Launching Executing install in _Users_moisestorres_Git_aplicacion-simple-maven-consola] INFO  o.eclipse.m2e.core.internal.Bundles - 	Entry: /Users/moisestorres/.p2/pool/plugins/org.apache.commons.cli_1.4.0.v20221112-0806.jar
2023-06-12 12:58:40,210 [Worker-39: Launching Executing install in _Users_moisestorres_Git_aplicacion-simple-maven-consola] INFO  o.eclipse.m2e.core.internal.Bundles - getClasspathEntries(Bundle=com.google.guava.failureaccess_1.0.1 [11])
2023-06-12 12:58:40,211 [Worker-39: Launching Executing install in _Users_moisestorres_Git_aplicacion-simple-maven-consola] INFO  o.eclipse.m2e.core.internal.Bundles - 	Entry: /Users/moisestorres/.p2/pool/plugins/com.google.guava.failureaccess_1.0.1.jar
2023-06-12 12:58:40,212 [Worker-39: Launching Executing install in _Users_moisestorres_Git_aplicacion-simple-maven-consola] INFO  o.e.m.i.launch.MavenLaunchDelegate - Run build in "/Users/moisestorres/Git/aplicacion-simple-maven-consola":
2023-06-12 12:58:40,213 [Worker-39: Launching Executing install in _Users_moisestorres_Git_aplicacion-simple-maven-consola] INFO  o.e.m.i.launch.MavenLaunchDelegate -  mvn  -B -Dstyle.color=always install
2023-06-12 13:00:27,388 [Worker-38: Building] INFO  o.e.m.c.i.embedder.EclipseLogger - Using 'UTF-8' encoding to copy filtered resources.
2023-06-12 13:00:27,388 [Worker-38: Building] INFO  o.e.m.c.i.embedder.EclipseLogger - skip non existing resourceDirectory /Users/moisestorres/Git/aplicacion-simple-maven-consola/src/main/resources
2023-06-12 13:00:27,389 [Worker-38: Building] INFO  o.e.m.c.i.embedder.EclipseLogger - Using 'UTF-8' encoding to copy filtered resources.
2023-06-12 13:00:27,389 [Worker-38: Building] INFO  o.e.m.c.i.embedder.EclipseLogger - skip non existing resourceDirectory /Users/moisestorres/Git/aplicacion-simple-maven-consola/src/test/resources
2023-06-12 13:00:44,247 [Worker-41: Launching Executing install in _Users_moisestorres_Git_aplicacion-simple-maven-consola] INFO  o.e.m.i.launch.MavenLaunchDelegate - Run build in "/Users/moisestorres/Git/aplicacion-simple-maven-consola":
2023-06-12 13:00:44,247 [Worker-41: Launching Executing install in _Users_moisestorres_Git_aplicacion-simple-maven-consola] INFO  o.e.m.i.launch.MavenLaunchDelegate -  mvn  -B -Dstyle.color=always install
2023-06-12 13:04:00,633 [Worker-44: Building] INFO  o.e.m.c.i.embedder.EclipseLogger - Using 'UTF-8' encoding to copy filtered resources.
2023-06-12 13:04:00,633 [Worker-44: Building] INFO  o.e.m.c.i.embedder.EclipseLogger - skip non existing resourceDirectory /Users/moisestorres/Git/aplicacion-simple-maven-consola/src/main/resources
2023-06-12 13:04:00,634 [Worker-44: Building] INFO  o.e.m.c.i.embedder.EclipseLogger - Using 'UTF-8' encoding to copy filtered resources.
2023-06-12 13:04:00,634 [Worker-44: Building] INFO  o.e.m.c.i.embedder.EclipseLogger - skip non existing resourceDirectory /Users/moisestorres/Git/aplicacion-simple-maven-consola/src/test/resources
2023-06-12 15:34:19,354 [Worker-50: Building] INFO  o.e.m.c.i.embedder.EclipseLogger - Using 'UTF-8' encoding to copy filtered resources.
2023-06-12 15:34:19,354 [Worker-50: Building] INFO  o.e.m.c.i.embedder.EclipseLogger - skip non existing resourceDirectory /Users/moisestorres/Git/aplicacion-simple-maven-consola/src/main/resources
2023-06-12 15:34:19,355 [Worker-50: Building] INFO  o.e.m.c.i.embedder.EclipseLogger - Using 'UTF-8' encoding to copy filtered resources.
2023-06-12 15:34:19,356 [Worker-50: Building] INFO  o.e.m.c.i.embedder.EclipseLogger - skip non existing resourceDirectory /Users/moisestorres/Git/aplicacion-simple-maven-consola/src/test/resources
2023-06-12 15:34:50,643 [Worker-51: Launching Executing install in _Users_moisestorres_Git_aplicacion-simple-maven-consola] INFO  o.e.m.i.launch.MavenLaunchDelegate - Run build in "/Users/moisestorres/Git/aplicacion-simple-maven-consola":
2023-06-12 15:34:50,643 [Worker-51: Launching Executing install in _Users_moisestorres_Git_aplicacion-simple-maven-consola] INFO  o.e.m.i.launch.MavenLaunchDelegate -  mvn  -B -Dstyle.color=always install
2023-06-12 15:35:40,278 [Worker-48: Building] INFO  o.e.m.c.i.embedder.EclipseLogger - Using 'UTF-8' encoding to copy filtered resources.
2023-06-12 15:35:40,278 [Worker-48: Building] INFO  o.e.m.c.i.embedder.EclipseLogger - skip non existing resourceDirectory /Users/moisestorres/Git/aplicacion-simple-maven-consola/src/main/resources
2023-06-12 15:35:40,279 [Worker-48: Building] INFO  o.e.m.c.i.embedder.EclipseLogger - Using 'UTF-8' encoding to copy filtered resources.
2023-06-12 15:35:40,279 [Worker-48: Building] INFO  o.e.m.c.i.embedder.EclipseLogger - skip non existing resourceDirectory /Users/moisestorres/Git/aplicacion-simple-maven-consola/src/test/resources
2023-06-12 15:35:41,979 [Worker-45: Building] INFO  o.e.m.c.i.embedder.EclipseLogger - Using 'UTF-8' encoding to copy filtered resources.
2023-06-12 15:35:41,979 [Worker-45: Building] INFO  o.e.m.c.i.embedder.EclipseLogger - skip non existing resourceDirectory /Users/moisestorres/Git/aplicacion-simple-maven-consola/src/main/resources
2023-06-12 15:35:41,980 [Worker-45: Building] INFO  o.e.m.c.i.embedder.EclipseLogger - Using 'UTF-8' encoding to copy filtered resources.
2023-06-12 15:35:41,980 [Worker-45: Building] INFO  o.e.m.c.i.embedder.EclipseLogger - skip non existing resourceDirectory /Users/moisestorres/Git/aplicacion-simple-maven-consola/src/test/resources
2023-06-12 15:37:56,801 [Worker-49: Building] INFO  o.e.m.c.i.embedder.EclipseLogger - Using 'UTF-8' encoding to copy filtered resources.
2023-06-12 15:37:56,801 [Worker-49: Building] INFO  o.e.m.c.i.embedder.EclipseLogger - skip non existing resourceDirectory /Users/moisestorres/Git/aplicacion-simple-maven-consola/src/main/resources
2023-06-12 15:37:56,802 [Worker-49: Building] INFO  o.e.m.c.i.embedder.EclipseLogger - Using 'UTF-8' encoding to copy filtered resources.
2023-06-12 15:37:56,802 [Worker-49: Building] INFO  o.e.m.c.i.embedder.EclipseLogger - skip non existing resourceDirectory /Users/moisestorres/Git/aplicacion-simple-maven-consola/src/test/resources
2023-06-12 15:38:16,823 [Worker-41: Building] INFO  o.e.m.c.i.embedder.EclipseLogger - Using 'UTF-8' encoding to copy filtered resources.
2023-06-12 15:38:16,823 [Worker-41: Building] INFO  o.e.m.c.i.embedder.EclipseLogger - skip non existing resourceDirectory /Users/moisestorres/Git/aplicacion-simple-maven-consola/src/main/resources
2023-06-12 15:38:16,823 [Worker-41: Building] INFO  o.e.m.c.i.embedder.EclipseLogger - Using 'UTF-8' encoding to copy filtered resources.
2023-06-12 15:38:16,824 [Worker-41: Building] INFO  o.e.m.c.i.embedder.EclipseLogger - skip non existing resourceDirectory /Users/moisestorres/Git/aplicacion-simple-maven-consola/src/test/resources
2023-06-12 15:38:41,138 [Worker-41: Launching Executing install in _Users_moisestorres_Git_aplicacion-simple-maven-consola] INFO  o.e.m.i.launch.MavenLaunchDelegate - Run build in "/Users/moisestorres/Git/aplicacion-simple-maven-consola":
2023-06-12 15:38:41,138 [Worker-41: Launching Executing install in _Users_moisestorres_Git_aplicacion-simple-maven-consola] INFO  o.e.m.i.launch.MavenLaunchDelegate -  mvn  -B -Dstyle.color=always install
2023-06-12 15:44:02,509 [Worker-54: Building] INFO  o.e.m.c.i.embedder.EclipseLogger - Using 'UTF-8' encoding to copy filtered resources.
2023-06-12 15:44:02,510 [Worker-54: Building] INFO  o.e.m.c.i.embedder.EclipseLogger - skip non existing resourceDirectory /Users/moisestorres/Git/aplicacion-simple-maven-consola/src/main/resources
2023-06-12 15:44:02,510 [Worker-54: Building] INFO  o.e.m.c.i.embedder.EclipseLogger - Using 'UTF-8' encoding to copy filtered resources.
2023-06-12 15:44:02,510 [Worker-54: Building] INFO  o.e.m.c.i.embedder.EclipseLogger - skip non existing resourceDirectory /Users/moisestorres/Git/aplicacion-simple-maven-consola/src/test/resources
2023-06-12 15:46:52,564 [Worker-54: Building] INFO  o.e.m.c.i.embedder.EclipseLogger - Using 'UTF-8' encoding to copy filtered resources.
2023-06-12 15:46:52,564 [Worker-54: Building] INFO  o.e.m.c.i.embedder.EclipseLogger - skip non existing resourceDirectory /Users/moisestorres/Git/aplicacion-simple-maven-consola/src/main/resources
2023-06-12 15:46:52,565 [Worker-54: Building] INFO  o.e.m.c.i.embedder.EclipseLogger - Using 'UTF-8' encoding to copy filtered resources.
2023-06-12 15:46:52,565 [Worker-54: Building] INFO  o.e.m.c.i.embedder.EclipseLogger - skip non existing resourceDirectory /Users/moisestorres/Git/aplicacion-simple-maven-consola/src/test/resources
2023-06-12 15:47:16,778 [Worker-54: Building] INFO  o.e.m.c.i.embedder.EclipseLogger - Using 'UTF-8' encoding to copy filtered resources.
2023-06-12 15:47:16,778 [Worker-54: Building] INFO  o.e.m.c.i.embedder.EclipseLogger - skip non existing resourceDirectory /Users/moisestorres/Git/aplicacion-simple-maven-consola/src/main/resources
2023-06-12 15:47:16,799 [Worker-54: Building] INFO  o.e.m.c.i.embedder.EclipseLogger - Using 'UTF-8' encoding to copy filtered resources.
2023-06-12 15:47:16,799 [Worker-54: Building] INFO  o.e.m.c.i.embedder.EclipseLogger - skip non existing resourceDirectory /Users/moisestorres/Git/aplicacion-simple-maven-consola/src/test/resources
2023-06-12 15:48:14,907 [Worker-54: Building] INFO  o.e.m.c.i.embedder.EclipseLogger - Using 'UTF-8' encoding to copy filtered resources.
2023-06-12 15:48:14,907 [Worker-54: Building] INFO  o.e.m.c.i.embedder.EclipseLogger - skip non existing resourceDirectory /Users/moisestorres/Git/aplicacion-simple-maven-consola/src/main/resources
2023-06-12 15:48:14,908 [Worker-54: Building] INFO  o.e.m.c.i.embedder.EclipseLogger - Using 'UTF-8' encoding to copy filtered resources.
2023-06-12 15:48:14,908 [Worker-54: Building] INFO  o.e.m.c.i.embedder.EclipseLogger - skip non existing resourceDirectory /Users/moisestorres/Git/aplicacion-simple-maven-consola/src/test/resources
2023-06-12 15:48:29,345 [Worker-55: Building] INFO  o.e.m.c.i.embedder.EclipseLogger - Using 'UTF-8' encoding to copy filtered resources.
2023-06-12 15:48:29,345 [Worker-55: Building] INFO  o.e.m.c.i.embedder.EclipseLogger - skip non existing resourceDirectory /Users/moisestorres/Git/aplicacion-simple-maven-consola/src/main/resources
2023-06-12 15:48:29,346 [Worker-55: Building] INFO  o.e.m.c.i.embedder.EclipseLogger - Using 'UTF-8' encoding to copy filtered resources.
2023-06-12 15:48:29,346 [Worker-55: Building] INFO  o.e.m.c.i.embedder.EclipseLogger - skip non existing resourceDirectory /Users/moisestorres/Git/aplicacion-simple-maven-consola/src/test/resources
2023-06-12 15:48:35,141 [Worker-54: Launching Executing install in _Users_moisestorres_Git_aplicacion-simple-maven-consola] INFO  o.e.m.i.launch.MavenLaunchDelegate - Run build in "/Users/moisestorres/Git/aplicacion-simple-maven-consola":
2023-06-12 15:48:35,141 [Worker-54: Launching Executing install in _Users_moisestorres_Git_aplicacion-simple-maven-consola] INFO  o.e.m.i.launch.MavenLaunchDelegate -  mvn  -B -Dstyle.color=always install
2023-06-12 15:49:15,457 [Worker-57: Building] INFO  o.e.m.c.i.embedder.EclipseLogger - Using 'UTF-8' encoding to copy filtered resources.
2023-06-12 15:49:15,457 [Worker-57: Building] INFO  o.e.m.c.i.embedder.EclipseLogger - skip non existing resourceDirectory /Users/moisestorres/Git/aplicacion-simple-maven-consola/src/main/resources
2023-06-12 15:49:15,457 [Worker-57: Building] INFO  o.e.m.c.i.embedder.EclipseLogger - Using 'UTF-8' encoding to copy filtered resources.
2023-06-12 15:49:15,458 [Worker-57: Building] INFO  o.e.m.c.i.embedder.EclipseLogger - skip non existing resourceDirectory /Users/moisestorres/Git/aplicacion-simple-maven-consola/src/test/resources
2023-06-12 15:55:38,646 [Worker-61: Launching Executing install in _Users_moisestorres_Git_aplicacion-simple-maven-consola] INFO  o.e.m.i.launch.MavenLaunchDelegate - Run build in "/Users/moisestorres/Git/aplicacion-simple-maven-consola":
2023-06-12 15:55:38,646 [Worker-61: Launching Executing install in _Users_moisestorres_Git_aplicacion-simple-maven-consola] INFO  o.e.m.i.launch.MavenLaunchDelegate -  mvn  -B -Dstyle.color=always install
2023-06-12 15:56:22,907 [Worker-2: Loading available Gradle versions] INFO  o.e.b.c.i.u.g.PublishedGradleVersions - Gradle version information cache is up-to-date. Trying to read.
2023-06-12 16:00:45,861 [Worker-10: Building] INFO  o.e.m.c.i.embedder.EclipseLogger - Using 'UTF-8' encoding to copy filtered resources.
2023-06-12 16:00:45,863 [Worker-10: Building] INFO  o.e.m.c.i.embedder.EclipseLogger - skip non existing resourceDirectory /Users/moisestorres/Git/aplicacion-simple-maven-consola/src/main/resources
2023-06-12 16:00:45,864 [Worker-10: Building] INFO  o.e.m.c.i.embedder.EclipseLogger - Using 'UTF-8' encoding to copy filtered resources.
2023-06-12 16:00:45,864 [Worker-10: Building] INFO  o.e.m.c.i.embedder.EclipseLogger - skip non existing resourceDirectory /Users/moisestorres/Git/aplicacion-simple-maven-consola/src/test/resources
2023-06-12 16:03:09,520 [Worker-23: Building] INFO  o.e.m.c.i.embedder.EclipseLogger - Using 'UTF-8' encoding to copy filtered resources.
2023-06-12 16:03:09,520 [Worker-23: Building] INFO  o.e.m.c.i.embedder.EclipseLogger - skip non existing resourceDirectory /Users/moisestorres/Git/aplicacion-simple-maven-consola/src/main/resources
2023-06-12 16:03:09,521 [Worker-23: Building] INFO  o.e.m.c.i.embedder.EclipseLogger - Using 'UTF-8' encoding to copy filtered resources.
2023-06-12 16:03:09,521 [Worker-23: Building] INFO  o.e.m.c.i.embedder.EclipseLogger - skip non existing resourceDirectory /Users/moisestorres/Git/aplicacion-simple-maven-consola/src/test/resources
2023-06-12 16:03:28,884 [Worker-21: Building] INFO  o.e.m.c.i.embedder.EclipseLogger - Using 'UTF-8' encoding to copy filtered resources.
2023-06-12 16:03:28,885 [Worker-21: Building] INFO  o.e.m.c.i.embedder.EclipseLogger - skip non existing resourceDirectory /Users/moisestorres/Git/aplicacion-simple-maven-consola/src/main/resources
2023-06-12 16:03:28,886 [Worker-21: Building] INFO  o.e.m.c.i.embedder.EclipseLogger - Using 'UTF-8' encoding to copy filtered resources.
2023-06-12 16:03:28,886 [Worker-21: Building] INFO  o.e.m.c.i.embedder.EclipseLogger - skip non existing resourceDirectory /Users/moisestorres/Git/aplicacion-simple-maven-consola/src/test/resources
2023-06-12 16:03:40,504 [Worker-24: Building] INFO  o.e.m.c.i.embedder.EclipseLogger - Using 'UTF-8' encoding to copy filtered resources.
2023-06-12 16:03:40,504 [Worker-24: Building] INFO  o.e.m.c.i.embedder.EclipseLogger - skip non existing resourceDirectory /Users/moisestorres/Git/aplicacion-simple-maven-consola/src/main/resources
2023-06-12 16:03:40,505 [Worker-24: Building] INFO  o.e.m.c.i.embedder.EclipseLogger - Using 'UTF-8' encoding to copy filtered resources.
2023-06-12 16:03:40,505 [Worker-24: Building] INFO  o.e.m.c.i.embedder.EclipseLogger - skip non existing resourceDirectory /Users/moisestorres/Git/aplicacion-simple-maven-consola/src/test/resources
2023-06-12 16:06:46,559 [Worker-0: Building] INFO  o.e.m.c.i.embedder.EclipseLogger - Using 'UTF-8' encoding to copy filtered resources.
2023-06-12 16:06:46,559 [Worker-0: Building] INFO  o.e.m.c.i.embedder.EclipseLogger - skip non existing resourceDirectory /Users/moisestorres/Git/aplicacion-simple-maven-consola/src/main/resources
2023-06-12 16:06:46,560 [Worker-0: Building] INFO  o.e.m.c.i.embedder.EclipseLogger - Using 'UTF-8' encoding to copy filtered resources.
2023-06-12 16:06:46,560 [Worker-0: Building] INFO  o.e.m.c.i.embedder.EclipseLogger - skip non existing resourceDirectory /Users/moisestorres/Git/aplicacion-simple-maven-consola/src/test/resources
2023-06-12 16:11:05,717 [Worker-25: Building] INFO  o.e.m.c.i.embedder.EclipseLogger - Using 'UTF-8' encoding to copy filtered resources.
2023-06-12 16:11:05,717 [Worker-25: Building] INFO  o.e.m.c.i.embedder.EclipseLogger - skip non existing resourceDirectory /Users/moisestorres/Git/aplicacion-simple-maven-consola/src/main/resources
2023-06-12 16:11:05,718 [Worker-25: Building] INFO  o.e.m.c.i.embedder.EclipseLogger - Using 'UTF-8' encoding to copy filtered resources.
2023-06-12 16:11:05,719 [Worker-25: Building] INFO  o.e.m.c.i.embedder.EclipseLogger - skip non existing resourceDirectory /Users/moisestorres/Git/aplicacion-simple-maven-consola/src/test/resources
2023-06-12 16:15:28,435 [Worker-0: Building] INFO  o.e.m.c.i.embedder.EclipseLogger - Using 'UTF-8' encoding to copy filtered resources.
2023-06-12 16:15:28,435 [Worker-0: Building] INFO  o.e.m.c.i.embedder.EclipseLogger - skip non existing resourceDirectory /Users/moisestorres/Git/aplicacion-simple-maven-consola/src/main/resources
2023-06-12 16:15:28,436 [Worker-0: Building] INFO  o.e.m.c.i.embedder.EclipseLogger - Using 'UTF-8' encoding to copy filtered resources.
2023-06-12 16:15:28,436 [Worker-0: Building] INFO  o.e.m.c.i.embedder.EclipseLogger - skip non existing resourceDirectory /Users/moisestorres/Git/aplicacion-simple-maven-consola/src/test/resources
2023-06-12 16:16:32,279 [Worker-0: Building] INFO  o.e.m.c.i.embedder.EclipseLogger - Using 'UTF-8' encoding to copy filtered resources.
2023-06-12 16:16:32,279 [Worker-0: Building] INFO  o.e.m.c.i.embedder.EclipseLogger - skip non existing resourceDirectory /Users/moisestorres/Git/aplicacion-simple-maven-consola/src/main/resources
2023-06-12 16:16:32,280 [Worker-0: Building] INFO  o.e.m.c.i.embedder.EclipseLogger - Using 'UTF-8' encoding to copy filtered resources.
2023-06-12 16:16:32,280 [Worker-0: Building] INFO  o.e.m.c.i.embedder.EclipseLogger - skip non existing resourceDirectory /Users/moisestorres/Git/aplicacion-simple-maven-consola/src/test/resources
2023-06-12 16:17:16,020 [Worker-26: Launching Executing install in _Users_moisestorres_Git_aplicacion-simple-maven-consola] INFO  o.eclipse.m2e.core.internal.Bundles - getClasspathEntries(Bundle=org.eclipse.m2e.maven.runtime_3.8.701.20230209-1606 [268])
2023-06-12 16:17:16,024 [Worker-26: Launching Executing install in _Users_moisestorres_Git_aplicacion-simple-maven-consola] INFO  o.eclipse.m2e.core.internal.Bundles - 	Entry: /Users/moisestorres/.p2/pool/plugins/org.eclipse.m2e.maven.runtime_3.8.701.20230209-1606
2023-06-12 16:17:16,024 [Worker-26: Launching Executing install in _Users_moisestorres_Git_aplicacion-simple-maven-consola] INFO  o.eclipse.m2e.core.internal.Bundles - 	Entry: /Users/moisestorres/.p2/pool/plugins/org.eclipse.m2e.maven.runtime_3.8.701.20230209-1606/jars/aether-connector-okhttp-0.17.8.jar
2023-06-12 16:17:16,024 [Worker-26: Launching Executing install in _Users_moisestorres_Git_aplicacion-simple-maven-consola] INFO  o.eclipse.m2e.core.internal.Bundles - 	Entry: /Users/moisestorres/.p2/pool/plugins/org.eclipse.m2e.maven.runtime_3.8.701.20230209-1606/jars/commons-lang3-3.8.1.jar
2023-06-12 16:17:16,024 [Worker-26: Launching Executing install in _Users_moisestorres_Git_aplicacion-simple-maven-consola] INFO  o.eclipse.m2e.core.internal.Bundles - 	Entry: /Users/moisestorres/.p2/pool/plugins/org.eclipse.m2e.maven.runtime_3.8.701.20230209-1606/jars/guice-4.2.2-no_aop.jar
2023-06-12 16:17:16,024 [Worker-26: Launching Executing install in _Users_moisestorres_Git_aplicacion-simple-maven-consola] INFO  o.eclipse.m2e.core.internal.Bundles - 	Entry: /Users/moisestorres/.p2/pool/plugins/org.eclipse.m2e.maven.runtime_3.8.701.20230209-1606/jars/jansi-2.4.0.jar
2023-06-12 16:17:16,024 [Worker-26: Launching Executing install in _Users_moisestorres_Git_aplicacion-simple-maven-consola] INFO  o.eclipse.m2e.core.internal.Bundles - 	Entry: /Users/moisestorres/.p2/pool/plugins/org.eclipse.m2e.maven.runtime_3.8.701.20230209-1606/jars/maven-artifact-3.8.7.jar
2023-06-12 16:17:16,024 [Worker-26: Launching Executing install in _Users_moisestorres_Git_aplicacion-simple-maven-consola] INFO  o.eclipse.m2e.core.internal.Bundles - 	Entry: /Users/moisestorres/.p2/pool/plugins/org.eclipse.m2e.maven.runtime_3.8.701.20230209-1606/jars/maven-builder-support-3.8.7.jar
2023-06-12 16:17:16,024 [Worker-26: Launching Executing install in _Users_moisestorres_Git_aplicacion-simple-maven-consola] INFO  o.eclipse.m2e.core.internal.Bundles - 	Entry: /Users/moisestorres/.p2/pool/plugins/org.eclipse.m2e.maven.runtime_3.8.701.20230209-1606/jars/maven-compat-3.8.7.jar
2023-06-12 16:17:16,024 [Worker-26: Launching Executing install in _Users_moisestorres_Git_aplicacion-simple-maven-consola] INFO  o.eclipse.m2e.core.internal.Bundles - 	Entry: /Users/moisestorres/.p2/pool/plugins/org.eclipse.m2e.maven.runtime_3.8.701.20230209-1606/jars/maven-core-3.8.7.jar
2023-06-12 16:17:16,024 [Worker-26: Launching Executing install in _Users_moisestorres_Git_aplicacion-simple-maven-consola] INFO  o.eclipse.m2e.core.internal.Bundles - 	Entry: /Users/moisestorres/.p2/pool/plugins/org.eclipse.m2e.maven.runtime_3.8.701.20230209-1606/jars/maven-embedder-3.8.7.jar
2023-06-12 16:17:16,024 [Worker-26: Launching Executing install in _Users_moisestorres_Git_aplicacion-simple-maven-consola] INFO  o.eclipse.m2e.core.internal.Bundles - 	Entry: /Users/moisestorres/.p2/pool/plugins/org.eclipse.m2e.maven.runtime_3.8.701.20230209-1606/jars/maven-model-3.8.7.jar
2023-06-12 16:17:16,024 [Worker-26: Launching Executing install in _Users_moisestorres_Git_aplicacion-simple-maven-consola] INFO  o.eclipse.m2e.core.internal.Bundles - 	Entry: /Users/moisestorres/.p2/pool/plugins/org.eclipse.m2e.maven.runtime_3.8.701.20230209-1606/jars/maven-model-builder-3.8.7.jar
2023-06-12 16:17:16,025 [Worker-26: Launching Executing install in _Users_moisestorres_Git_aplicacion-simple-maven-consola] INFO  o.eclipse.m2e.core.internal.Bundles - 	Entry: /Users/moisestorres/.p2/pool/plugins/org.eclipse.m2e.maven.runtime_3.8.701.20230209-1606/jars/maven-plugin-api-3.8.7.jar
2023-06-12 16:17:16,025 [Worker-26: Launching Executing install in _Users_moisestorres_Git_aplicacion-simple-maven-consola] INFO  o.eclipse.m2e.core.internal.Bundles - 	Entry: /Users/moisestorres/.p2/pool/plugins/org.eclipse.m2e.maven.runtime_3.8.701.20230209-1606/jars/maven-repository-metadata-3.8.7.jar
2023-06-12 16:17:16,025 [Worker-26: Launching Executing install in _Users_moisestorres_Git_aplicacion-simple-maven-consola] INFO  o.eclipse.m2e.core.internal.Bundles - 	Entry: /Users/moisestorres/.p2/pool/plugins/org.eclipse.m2e.maven.runtime_3.8.701.20230209-1606/jars/maven-resolver-api-1.6.3.jar
2023-06-12 16:17:16,025 [Worker-26: Launching Executing install in _Users_moisestorres_Git_aplicacion-simple-maven-consola] INFO  o.eclipse.m2e.core.internal.Bundles - 	Entry: /Users/moisestorres/.p2/pool/plugins/org.eclipse.m2e.maven.runtime_3.8.701.20230209-1606/jars/maven-resolver-connector-basic-1.6.3.jar
2023-06-12 16:17:16,025 [Worker-26: Launching Executing install in _Users_moisestorres_Git_aplicacion-simple-maven-consola] INFO  o.eclipse.m2e.core.internal.Bundles - 	Entry: /Users/moisestorres/.p2/pool/plugins/org.eclipse.m2e.maven.runtime_3.8.701.20230209-1606/jars/maven-resolver-impl-1.6.3.jar
2023-06-12 16:17:16,025 [Worker-26: Launching Executing install in _Users_moisestorres_Git_aplicacion-simple-maven-consola] INFO  o.eclipse.m2e.core.internal.Bundles - 	Entry: /Users/moisestorres/.p2/pool/plugins/org.eclipse.m2e.maven.runtime_3.8.701.20230209-1606/jars/maven-resolver-provider-3.8.7.jar
2023-06-12 16:17:16,025 [Worker-26: Launching Executing install in _Users_moisestorres_Git_aplicacion-simple-maven-consola] INFO  o.eclipse.m2e.core.internal.Bundles - 	Entry: /Users/moisestorres/.p2/pool/plugins/org.eclipse.m2e.maven.runtime_3.8.701.20230209-1606/jars/maven-resolver-spi-1.6.3.jar
2023-06-12 16:17:16,025 [Worker-26: Launching Executing install in _Users_moisestorres_Git_aplicacion-simple-maven-consola] INFO  o.eclipse.m2e.core.internal.Bundles - 	Entry: /Users/moisestorres/.p2/pool/plugins/org.eclipse.m2e.maven.runtime_3.8.701.20230209-1606/jars/maven-resolver-transport-wagon-1.6.3.jar
2023-06-12 16:17:16,025 [Worker-26: Launching Executing install in _Users_moisestorres_Git_aplicacion-simple-maven-consola] INFO  o.eclipse.m2e.core.internal.Bundles - 	Entry: /Users/moisestorres/.p2/pool/plugins/org.eclipse.m2e.maven.runtime_3.8.701.20230209-1606/jars/maven-resolver-util-1.6.3.jar
2023-06-12 16:17:16,025 [Worker-26: Launching Executing install in _Users_moisestorres_Git_aplicacion-simple-maven-consola] INFO  o.eclipse.m2e.core.internal.Bundles - 	Entry: /Users/moisestorres/.p2/pool/plugins/org.eclipse.m2e.maven.runtime_3.8.701.20230209-1606/jars/maven-settings-3.8.7.jar
2023-06-12 16:17:16,025 [Worker-26: Launching Executing install in _Users_moisestorres_Git_aplicacion-simple-maven-consola] INFO  o.eclipse.m2e.core.internal.Bundles - 	Entry: /Users/moisestorres/.p2/pool/plugins/org.eclipse.m2e.maven.runtime_3.8.701.20230209-1606/jars/maven-settings-builder-3.8.7.jar
2023-06-12 16:17:16,025 [Worker-26: Launching Executing install in _Users_moisestorres_Git_aplicacion-simple-maven-consola] INFO  o.eclipse.m2e.core.internal.Bundles - 	Entry: /Users/moisestorres/.p2/pool/plugins/org.eclipse.m2e.maven.runtime_3.8.701.20230209-1606/jars/maven-shared-utils-3.3.4.jar
2023-06-12 16:17:16,025 [Worker-26: Launching Executing install in _Users_moisestorres_Git_aplicacion-simple-maven-consola] INFO  o.eclipse.m2e.core.internal.Bundles - 	Entry: /Users/moisestorres/.p2/pool/plugins/org.eclipse.m2e.maven.runtime_3.8.701.20230209-1606/jars/okhttp-3.14.1.jar
2023-06-12 16:17:16,025 [Worker-26: Launching Executing install in _Users_moisestorres_Git_aplicacion-simple-maven-consola] INFO  o.eclipse.m2e.core.internal.Bundles - 	Entry: /Users/moisestorres/.p2/pool/plugins/org.eclipse.m2e.maven.runtime_3.8.701.20230209-1606/jars/okio-1.17.3.jar
2023-06-12 16:17:16,025 [Worker-26: Launching Executing install in _Users_moisestorres_Git_aplicacion-simple-maven-consola] INFO  o.eclipse.m2e.core.internal.Bundles - 	Entry: /Users/moisestorres/.p2/pool/plugins/org.eclipse.m2e.maven.runtime_3.8.701.20230209-1606/jars/org.eclipse.sisu.inject-0.3.5.jar
2023-06-12 16:17:16,025 [Worker-26: Launching Executing install in _Users_moisestorres_Git_aplicacion-simple-maven-consola] INFO  o.eclipse.m2e.core.internal.Bundles - 	Entry: /Users/moisestorres/.p2/pool/plugins/org.eclipse.m2e.maven.runtime_3.8.701.20230209-1606/jars/org.eclipse.sisu.plexus-0.3.5.jar
2023-06-12 16:17:16,025 [Worker-26: Launching Executing install in _Users_moisestorres_Git_aplicacion-simple-maven-consola] INFO  o.eclipse.m2e.core.internal.Bundles - 	Entry: /Users/moisestorres/.p2/pool/plugins/org.eclipse.m2e.maven.runtime_3.8.701.20230209-1606/jars/plexus-build-api-0.0.7.jar
2023-06-12 16:17:16,025 [Worker-26: Launching Executing install in _Users_moisestorres_Git_aplicacion-simple-maven-consola] INFO  o.eclipse.m2e.core.internal.Bundles - 	Entry: /Users/moisestorres/.p2/pool/plugins/org.eclipse.m2e.maven.runtime_3.8.701.20230209-1606/jars/plexus-cipher-2.0.jar
2023-06-12 16:17:16,025 [Worker-26: Launching Executing install in _Users_moisestorres_Git_aplicacion-simple-maven-consola] INFO  o.eclipse.m2e.core.internal.Bundles - 	Entry: /Users/moisestorres/.p2/pool/plugins/org.eclipse.m2e.maven.runtime_3.8.701.20230209-1606/jars/plexus-classworlds-2.6.0.jar
2023-06-12 16:17:16,025 [Worker-26: Launching Executing install in _Users_moisestorres_Git_aplicacion-simple-maven-consola] INFO  o.eclipse.m2e.core.internal.Bundles - 	Entry: /Users/moisestorres/.p2/pool/plugins/org.eclipse.m2e.maven.runtime_3.8.701.20230209-1606/jars/plexus-component-annotations-2.1.0.jar
2023-06-12 16:17:16,025 [Worker-26: Launching Executing install in _Users_moisestorres_Git_aplicacion-simple-maven-consola] INFO  o.eclipse.m2e.core.internal.Bundles - 	Entry: /Users/moisestorres/.p2/pool/plugins/org.eclipse.m2e.maven.runtime_3.8.701.20230209-1606/jars/plexus-interpolation-1.26.jar
2023-06-12 16:17:16,026 [Worker-26: Launching Executing install in _Users_moisestorres_Git_aplicacion-simple-maven-consola] INFO  o.eclipse.m2e.core.internal.Bundles - 	Entry: /Users/moisestorres/.p2/pool/plugins/org.eclipse.m2e.maven.runtime_3.8.701.20230209-1606/jars/plexus-sec-dispatcher-2.0.jar
2023-06-12 16:17:16,026 [Worker-26: Launching Executing install in _Users_moisestorres_Git_aplicacion-simple-maven-consola] INFO  o.eclipse.m2e.core.internal.Bundles - 	Entry: /Users/moisestorres/.p2/pool/plugins/org.eclipse.m2e.maven.runtime_3.8.701.20230209-1606/jars/plexus-utils-3.3.1.jar
2023-06-12 16:17:16,026 [Worker-26: Launching Executing install in _Users_moisestorres_Git_aplicacion-simple-maven-consola] INFO  o.eclipse.m2e.core.internal.Bundles - 	Entry: /Users/moisestorres/.p2/pool/plugins/org.eclipse.m2e.maven.runtime_3.8.701.20230209-1606/jars/wagon-file-3.5.3.jar
2023-06-12 16:17:16,026 [Worker-26: Launching Executing install in _Users_moisestorres_Git_aplicacion-simple-maven-consola] INFO  o.eclipse.m2e.core.internal.Bundles - 	Entry: /Users/moisestorres/.p2/pool/plugins/org.eclipse.m2e.maven.runtime_3.8.701.20230209-1606/jars/wagon-provider-api-3.5.3.jar
2023-06-12 16:17:16,026 [Worker-26: Launching Executing install in _Users_moisestorres_Git_aplicacion-simple-maven-consola] INFO  o.eclipse.m2e.core.internal.Bundles - getClasspathEntries(Bundle=com.google.guava_31.1.0.jre [9])
2023-06-12 16:17:16,027 [Worker-26: Launching Executing install in _Users_moisestorres_Git_aplicacion-simple-maven-consola] INFO  o.eclipse.m2e.core.internal.Bundles - 	Entry: /Users/moisestorres/.p2/pool/plugins/com.google.guava_31.1.0.jre.jar
2023-06-12 16:17:16,027 [Worker-26: Launching Executing install in _Users_moisestorres_Git_aplicacion-simple-maven-consola] INFO  o.eclipse.m2e.core.internal.Bundles - getClasspathEntries(Bundle=slf4j.api_1.7.36 [435])
2023-06-12 16:17:16,027 [Worker-26: Launching Executing install in _Users_moisestorres_Git_aplicacion-simple-maven-consola] INFO  o.eclipse.m2e.core.internal.Bundles - 	Entry: /Users/moisestorres/.p2/pool/plugins/slf4j.api_1.7.36.jar
2023-06-12 16:17:16,027 [Worker-26: Launching Executing install in _Users_moisestorres_Git_aplicacion-simple-maven-consola] INFO  o.eclipse.m2e.core.internal.Bundles - getClasspathEntries(Bundle=javax.inject_1.0.0.v20220405-0441 [21])
2023-06-12 16:17:16,028 [Worker-26: Launching Executing install in _Users_moisestorres_Git_aplicacion-simple-maven-consola] INFO  o.eclipse.m2e.core.internal.Bundles - 	Entry: /Users/moisestorres/.p2/pool/plugins/javax.inject_1.0.0.v20220405-0441.jar
2023-06-12 16:17:16,028 [Worker-26: Launching Executing install in _Users_moisestorres_Git_aplicacion-simple-maven-consola] INFO  o.eclipse.m2e.core.internal.Bundles - getClasspathEntries(Bundle=javax.annotation_1.3.5.v20221203-1659 [19])
2023-06-12 16:17:16,029 [Worker-26: Launching Executing install in _Users_moisestorres_Git_aplicacion-simple-maven-consola] INFO  o.eclipse.m2e.core.internal.Bundles - 	Entry: /Users/moisestorres/.p2/pool/plugins/javax.annotation_1.3.5.v20221203-1659.jar
2023-06-12 16:17:16,029 [Worker-26: Launching Executing install in _Users_moisestorres_Git_aplicacion-simple-maven-consola] INFO  o.eclipse.m2e.core.internal.Bundles - getClasspathEntries(Bundle=org.apache.commons.cli_1.4.0.v20221112-0806 [41])
2023-06-12 16:17:16,030 [Worker-26: Launching Executing install in _Users_moisestorres_Git_aplicacion-simple-maven-consola] INFO  o.eclipse.m2e.core.internal.Bundles - 	Entry: /Users/moisestorres/.p2/pool/plugins/org.apache.commons.cli_1.4.0.v20221112-0806.jar
2023-06-12 16:17:16,030 [Worker-26: Launching Executing install in _Users_moisestorres_Git_aplicacion-simple-maven-consola] INFO  o.eclipse.m2e.core.internal.Bundles - getClasspathEntries(Bundle=com.google.guava.failureaccess_1.0.1 [11])
2023-06-12 16:17:16,030 [Worker-26: Launching Executing install in _Users_moisestorres_Git_aplicacion-simple-maven-consola] INFO  o.eclipse.m2e.core.internal.Bundles - 	Entry: /Users/moisestorres/.p2/pool/plugins/com.google.guava.failureaccess_1.0.1.jar
2023-06-12 16:17:16,032 [Worker-26: Launching Executing install in _Users_moisestorres_Git_aplicacion-simple-maven-consola] INFO  o.e.m.i.launch.MavenLaunchDelegate - Run build in "/Users/moisestorres/Git/aplicacion-simple-maven-consola":
2023-06-12 16:17:16,034 [Worker-26: Launching Executing install in _Users_moisestorres_Git_aplicacion-simple-maven-consola] INFO  o.e.m.i.launch.MavenLaunchDelegate -  mvn  -B -Dstyle.color=always install
2023-06-12 16:20:15,464 [Worker-29: Building] INFO  o.e.m.c.i.embedder.EclipseLogger - Using 'UTF-8' encoding to copy filtered resources.
2023-06-12 16:20:15,464 [Worker-29: Building] INFO  o.e.m.c.i.embedder.EclipseLogger - skip non existing resourceDirectory /Users/moisestorres/Git/aplicacion-simple-maven-consola/src/main/resources
2023-06-12 16:20:15,465 [Worker-29: Building] INFO  o.e.m.c.i.embedder.EclipseLogger - Using 'UTF-8' encoding to copy filtered resources.
2023-06-12 16:20:15,465 [Worker-29: Building] INFO  o.e.m.c.i.embedder.EclipseLogger - skip non existing resourceDirectory /Users/moisestorres/Git/aplicacion-simple-maven-consola/src/test/resources
2023-06-12 16:20:24,427 [Worker-29: Building] INFO  o.e.m.c.i.embedder.EclipseLogger - Using 'UTF-8' encoding to copy filtered resources.
2023-06-12 16:20:24,427 [Worker-29: Building] INFO  o.e.m.c.i.embedder.EclipseLogger - skip non existing resourceDirectory /Users/moisestorres/Git/aplicacion-simple-maven-consola/src/main/resources
2023-06-12 16:20:24,428 [Worker-29: Building] INFO  o.e.m.c.i.embedder.EclipseLogger - Using 'UTF-8' encoding to copy filtered resources.
2023-06-12 16:20:24,428 [Worker-29: Building] INFO  o.e.m.c.i.embedder.EclipseLogger - skip non existing resourceDirectory /Users/moisestorres/Git/aplicacion-simple-maven-consola/src/test/resources
2023-06-12 16:21:43,415 [Worker-0: Building] INFO  o.e.m.c.i.embedder.EclipseLogger - Using 'UTF-8' encoding to copy filtered resources.
2023-06-12 16:21:43,415 [Worker-0: Building] INFO  o.e.m.c.i.embedder.EclipseLogger - skip non existing resourceDirectory /Users/moisestorres/Git/aplicacion-simple-maven-consola/src/main/resources
2023-06-12 16:21:43,416 [Worker-0: Building] INFO  o.e.m.c.i.embedder.EclipseLogger - Using 'UTF-8' encoding to copy filtered resources.
2023-06-12 16:21:43,416 [Worker-0: Building] INFO  o.e.m.c.i.embedder.EclipseLogger - skip non existing resourceDirectory /Users/moisestorres/Git/aplicacion-simple-maven-consola/src/test/resources
2023-06-12 16:47:34,948 [Worker-32: Building] INFO  o.e.m.c.i.embedder.EclipseLogger - Using 'UTF-8' encoding to copy filtered resources.
2023-06-12 16:47:34,948 [Worker-32: Building] INFO  o.e.m.c.i.embedder.EclipseLogger - skip non existing resourceDirectory /Users/moisestorres/Git/aplicacion-simple-maven-consola/src/main/resources
2023-06-12 16:47:34,949 [Worker-32: Building] INFO  o.e.m.c.i.embedder.EclipseLogger - Using 'UTF-8' encoding to copy filtered resources.
2023-06-12 16:47:34,949 [Worker-32: Building] INFO  o.e.m.c.i.embedder.EclipseLogger - skip non existing resourceDirectory /Users/moisestorres/Git/aplicacion-simple-maven-consola/src/test/resources
2023-06-12 16:52:04,053 [Worker-35: Building] INFO  o.e.m.c.i.embedder.EclipseLogger - Using 'UTF-8' encoding to copy filtered resources.
2023-06-12 16:52:04,054 [Worker-35: Building] INFO  o.e.m.c.i.embedder.EclipseLogger - skip non existing resourceDirectory /Users/moisestorres/Git/aplicacion-simple-maven-consola/src/main/resources
2023-06-12 16:52:04,054 [Worker-35: Building] INFO  o.e.m.c.i.embedder.EclipseLogger - Using 'UTF-8' encoding to copy filtered resources.
2023-06-12 16:52:04,054 [Worker-35: Building] INFO  o.e.m.c.i.embedder.EclipseLogger - skip non existing resourceDirectory /Users/moisestorres/Git/aplicacion-simple-maven-consola/src/test/resources
